
                                      ARENA Simulation Results
                            sm1998rakibul@gmail.com - License:           

                                  Summary for Replication 1 of 1

Project: Unnamed Project                                             Run execution date : 1/25/2021
Analyst: sm1998rakibul@gmail.com                                     Model revision date: 1/25/2021

Replication ended at time      : 14.0 Hours (Tuesday, January 26, 2021, 06:17:31)
Base Time Units: Hours

                                           TALLY VARIABLES

Identifier                                  Average   Half Width  Minimum    Maximum   Observations
___________________________________________________________________________________________________

Vehicles.VATime                             .19232     (Insuf)    .13911     .24007         72    
Vehicles.NVATime                            .00000     (Insuf)    .00000     .00000         72    
Vehicles.WaitTime                           2.2081     (Insuf)    .00000     4.4362         72    
Vehicles.TranTime                           .00000     (Insuf)    .00000     .00000         72    
Vehicles.OtherTime                          .00000     (Insuf)    .00000     .00000         72    
Vehicles.TotalTime                          2.4004     (Insuf)    .17999     4.6368         72    
Wash station.Queue.WaitingTime              2.2405     (Insuf)    .00000     4.5684         73    

                                     DISCRETE-CHANGE VARIABLES

Identifier                                  Average   Half Width  Minimum    Maximum   Final Value
___________________________________________________________________________________________________

Vehicles.WIP                                17.851     (Insuf)    .00000     36.000     34.000    
Wash machine.NumberBusy                     1.0000     (Insuf)    .00000     1.0000     1.0000    
Wash machine.NumberScheduled                1.0000     (Insuf)    1.0000     1.0000     1.0000    
Wash machine.Utilization                    1.0000     (Insuf)    .00000     1.0000     1.0000    
Wash station.Queue.NumberInQueue            16.851     (Insuf)    .00000     35.000     33.000    

                                             OUTPUTS

Identifier                                   Value
_____________________________________________________________

Vehicles.NumberIn                           106.00    
Vehicles.NumberOut                          72.000    
Wash machine.NumberSeized                   73.000    
Wash machine.ScheduledUtilization           1.0000    
System.NumberOut                            72.000    


Simulation run time: 0.05 minutes.
Simulation run complete.
